<?xml version="1.0" encoding="UTF-8"?>
<robot generator="Robot 3.2.2 (Python 3.9.0 on win32)" generated="20201210 01:47:41.895" rpa="false">
<suite id="s1" name="Test" source="C:\Users\mirce\Desktop\RepoGit\RobotFrameworkEmag\test.robot">
<test id="s1-t1" name="PS5 Emag">
<kw name="Open Browser" library="SeleniumLibrary">
<doc>Opens a new browser instance to the optional ``url``.</doc>
<arguments>
<arg>${url}</arg>
<arg>${browser}</arg>
</arguments>
<msg timestamp="20201210 01:47:42.067" level="INFO">Opening browser 'Chrome' to base url 'https://auth.emag.ro/user/login'.</msg>
<status status="PASS" starttime="20201210 01:47:42.066" endtime="20201210 01:47:46.305"></status>
</kw>
<kw name="Set Browser Implicit Wait" library="SeleniumLibrary">
<doc>Sets the implicit wait value used by Selenium.</doc>
<arguments>
<arg>2</arg>
</arguments>
<status status="PASS" starttime="20201210 01:47:46.305" endtime="20201210 01:47:46.306"></status>
</kw>
<kw name="Click Element" library="SeleniumLibrary">
<doc>Click the element identified by ``locator``.</doc>
<arguments>
<arg>//a[contains(text(),'Google')]</arg>
</arguments>
<msg timestamp="20201210 01:47:46.306" level="INFO">Clicking element '//a[contains(text(),'Google')]'.</msg>
<status status="PASS" starttime="20201210 01:47:46.306" endtime="20201210 01:47:47.157"></status>
</kw>
<kw name="Input Text" library="SeleniumLibrary">
<doc>Types the given ``text`` into the text field identified by ``locator``.</doc>
<arguments>
<arg>name:identifier</arg>
<arg>${userLogin}</arg>
</arguments>
<msg timestamp="20201210 01:47:47.158" level="INFO">Typing text 'mircea.casapu@gmail.com' into text field 'name:identifier'.</msg>
<status status="PASS" starttime="20201210 01:47:47.157" endtime="20201210 01:47:47.266"></status>
</kw>
<kw name="Set Browser Implicit Wait" library="SeleniumLibrary">
<doc>Sets the implicit wait value used by Selenium.</doc>
<arguments>
<arg>2</arg>
</arguments>
<status status="PASS" starttime="20201210 01:47:47.266" endtime="20201210 01:47:47.267"></status>
</kw>
<kw name="Click Element" library="SeleniumLibrary">
<doc>Click the element identified by ``locator``.</doc>
<arguments>
<arg>class:VfPpkd-RLmnJb</arg>
</arguments>
<msg timestamp="20201210 01:47:47.267" level="INFO">Clicking element 'class:VfPpkd-RLmnJb'.</msg>
<status status="PASS" starttime="20201210 01:47:47.267" endtime="20201210 01:47:47.318"></status>
</kw>
<kw name="Input Text" library="SeleniumLibrary">
<doc>Types the given ``text`` into the text field identified by ``locator``.</doc>
<arguments>
<arg>name:password</arg>
<arg>${passLogin}</arg>
</arguments>
<msg timestamp="20201210 01:47:47.319" level="INFO">Typing text 'parolacontgoogle' into text field 'name:password'.</msg>
<status status="PASS" starttime="20201210 01:47:47.319" endtime="20201210 01:47:48.015"></status>
</kw>
<kw name="Reload Page" library="SeleniumLibrary">
<doc>Simulates user reloading page.</doc>
<status status="PASS" starttime="20201210 01:47:48.016" endtime="20201210 01:47:48.020"></status>
</kw>
<kw name="Input Text" library="SeleniumLibrary">
<doc>Types the given ``text`` into the text field identified by ``locator``.</doc>
<arguments>
<arg>name:password</arg>
<arg>${passLogin}</arg>
</arguments>
<msg timestamp="20201210 01:47:48.020" level="INFO">Typing text 'parolacontgoogle' into text field 'name:password'.</msg>
<status status="PASS" starttime="20201210 01:47:48.020" endtime="20201210 01:47:48.491"></status>
</kw>
<kw name="Click Element" library="SeleniumLibrary">
<doc>Click the element identified by ``locator``.</doc>
<arguments>
<arg>class:VfPpkd-RLmnJb</arg>
</arguments>
<msg timestamp="20201210 01:47:48.522" level="INFO">Clicking element 'class:VfPpkd-RLmnJb'.</msg>
<status status="PASS" starttime="20201210 01:47:48.521" endtime="20201210 01:47:48.598"></status>
</kw>
<kw name="Set Browser Implicit Wait" library="SeleniumLibrary">
<doc>Sets the implicit wait value used by Selenium.</doc>
<arguments>
<arg>5</arg>
</arguments>
<status status="PASS" starttime="20201210 01:47:48.598" endtime="20201210 01:47:48.599"></status>
</kw>
<kw name="Click Element" library="SeleniumLibrary">
<doc>Click the element identified by ``locator``.</doc>
<arguments>
<arg>//a[contains(text(),'Favorite')]</arg>
</arguments>
<msg timestamp="20201210 01:47:48.600" level="INFO">Clicking element '//a[contains(text(),'Favorite')]'.</msg>
<status status="PASS" starttime="20201210 01:47:48.600" endtime="20201210 01:47:52.470"></status>
</kw>
<kw name="Set Browser Implicit Wait" library="SeleniumLibrary">
<doc>Sets the implicit wait value used by Selenium.</doc>
<arguments>
<arg>2</arg>
</arguments>
<status status="PASS" starttime="20201210 01:47:52.470" endtime="20201210 01:47:52.472"></status>
</kw>
<kw name="Click Element" library="SeleniumLibrary">
<doc>Click the element identified by ``locator``.</doc>
<arguments>
<arg>//span[contains(text(),'${searchProductQuery}')]</arg>
</arguments>
<msg timestamp="20201210 01:47:52.472" level="INFO">Clicking element '//span[contains(text(),'Solid State Drive (SSD) Kingston A400, 480GB, 2.5", SATA III')]'.</msg>
<status status="PASS" starttime="20201210 01:47:52.472" endtime="20201210 01:47:53.103"></status>
</kw>
<kw name="Set Browser Implicit Wait" library="SeleniumLibrary">
<doc>Sets the implicit wait value used by Selenium.</doc>
<arguments>
<arg>2</arg>
</arguments>
<status status="PASS" starttime="20201210 01:47:53.104" endtime="20201210 01:47:53.105"></status>
</kw>
<kw name="Click Element" library="SeleniumLibrary">
<doc>Click the element identified by ``locator``.</doc>
<arguments>
<arg>//a[contains(text(),'Nu sunt hotărât acum')]</arg>
</arguments>
<msg timestamp="20201210 01:47:53.105" level="INFO">Clicking element '//a[contains(text(),'Nu sunt hotărât acum')]'.</msg>
<status status="PASS" starttime="20201210 01:47:53.105" endtime="20201210 01:47:53.348"></status>
</kw>
<kw name="Wait Until Page Contains Element" library="SeleniumLibrary">
<doc>Waits until the element ``locator`` appears on the current page.</doc>
<arguments>
<arg>//button[contains(@class,'yeahIWantThisProduct')]</arg>
<arg>100s</arg>
</arguments>
<status status="PASS" starttime="20201210 01:47:53.348" endtime="20201210 01:47:53.472"></status>
</kw>
<kw name="Click Element" library="SeleniumLibrary">
<doc>Click the element identified by ``locator``.</doc>
<arguments>
<arg>//button[contains(@class,'yeahIWantThisProduct')]</arg>
</arguments>
<msg timestamp="20201210 01:47:53.473" level="INFO">Clicking element '//button[contains(@class,'yeahIWantThisProduct')]'.</msg>
<kw name="Capture Page Screenshot" library="SeleniumLibrary">
<doc>Takes a screenshot of the current page and embeds it into a log file.</doc>
<msg timestamp="20201210 01:47:56.085" level="INFO" html="yes">&lt;/td&gt;&lt;/tr&gt;&lt;tr&gt;&lt;td colspan="3"&gt;&lt;a href="selenium-screenshot-8.png"&gt;&lt;img src="selenium-screenshot-8.png" width="800px"&gt;&lt;/a&gt;</msg>
<status status="PASS" starttime="20201210 01:47:55.527" endtime="20201210 01:47:56.085"></status>
</kw>
<msg timestamp="20201210 01:47:56.087" level="FAIL">ElementNotInteractableException: Message: element not interactable
  (Session info: chrome=87.0.4280.88)
</msg>
<status status="FAIL" starttime="20201210 01:47:53.473" endtime="20201210 01:47:56.087"></status>
</kw>
<status status="FAIL" starttime="20201210 01:47:42.066" endtime="20201210 01:47:56.088" critical="yes">ElementNotInteractableException: Message: element not interactable
  (Session info: chrome=87.0.4280.88)
</status>
</test>
<doc>Un test care intra pe emag, si cumpara PS5 xD</doc>
<status status="FAIL" starttime="20201210 01:47:41.896" endtime="20201210 01:47:56.099"></status>
</suite>
<statistics>
<total>
<stat pass="0" fail="1">Critical Tests</stat>
<stat pass="0" fail="1">All Tests</stat>
</total>
<tag>
</tag>
<suite>
<stat pass="0" fail="1" id="s1" name="Test">Test</stat>
</suite>
</statistics>
<errors>
</errors>
</robot>
